<?xml version="1.0" encoding="UTF-8"?>
<testsuites name="jest tests" tests="1" failures="0" errors="0" time="1.508">
  <testsuite name="CREATE TOUR" errors="0" failures="0" skipped="0" timestamp="2025-05-13T23:01:39" time="1.382" tests="1">
    <testcase classname="CREATE TOUR create tour" name="CREATE TOUR create tour" time="0.378">
    </testcase>
  </testsuite>
</testsuites>